Calculating task graph as no cached configuration is available for tasks: clean compileDebugKotlin

> Configure project :app
WARNING: BuildType 'staging' is both debuggable and has 'isMinifyEnabled' set to true.
All code optimizations and obfuscation are disabled for debuggable builds.

> Task :app:preBuild UP-TO-DATE
> Task :app:checkKotlinGradlePluginConfigurationErrors SKIPPED
> Task :app:preDebugBuild UP-TO-DATE
> Task :lint-tests:clean UP-TO-DATE
> Task :lint:clean UP-TO-DATE
> Task :app:clean
> Task :app:createDebugCompatibleScreenManifests
> Task :app:generateDebugResValues FROM-CACHE
> Task :app:processDebugGoogleServices FROM-CACHE
> Task :app:generateDebugResources FROM-CACHE
> Task :app:generateDebugBuildConfig FROM-CACHE
> Task :app:extractDeepLinksDebug FROM-CACHE
> Task :app:mapDebugSourceSetPaths
> Task :app:processDebugMainManifest FROM-CACHE
> Task :app:processDebugManifest FROM-CACHE
> Task :app:processDebugManifestForPackage FROM-CACHE
> Task :app:packageDebugResources FROM-CACHE
> Task :app:parseDebugLocalResources FROM-CACHE
> Task :app:checkDebugAarMetadata
> Task :app:mergeDebugResources FROM-CACHE
> Task :app:processDebugResources FROM-CACHE
> Task :app:kspDebugKotlin FROM-CACHE
> Task :app:compileDebugKotlin
e: file:///C:/Users/Diganta1/AndroidStudioProjects/AINoteBuddy/app/src/main/java/com/ainotebuddy/app/MainActivity.kt:45:36 Unresolved reference 'size'.
e: file:///C:/Users/Diganta1/AndroidStudioProjects/AINoteBuddy/app/src/main/java/com/ainotebuddy/app/features/NoteEditorActivity.kt:161:41 Argument type mismatch: actual type is 'com.ainotebuddy.app.features.NoteEditorActivity', but 'com.ainotebuddy.app.repository.NoteRepository' was expected.
e: file:///C:/Users/Diganta1/AndroidStudioProjects/AINoteBuddy/app/src/main/java/com/ainotebuddy/app/features/NoteEditorActivity.kt:161:41 No value passed for parameter 'context'.
e: file:///C:/Users/Diganta1/AndroidStudioProjects/AINoteBuddy/app/src/main/java/com/ainotebuddy/app/features/SettingsActivity.kt:43:86 No value passed for parameter 'noteRepository'.

> Task :app:compileDebugKotlin FAILED

[Incubating] Problems report is available at: file:///C:/Users/Diganta1/AndroidStudioProjects/AINoteBuddy/build/reports/problems/problems-report.html

FAILURE: Build failed with an exception.

* What went wrong:
Execution failed for task ':app:compileDebugKotlin'.
> A failure occurred while executing org.jetbrains.kotlin.compilerRunner.GradleCompilerRunnerWithWorkers$GradleKotlinCompilerWorkAction
   > Compilation error. See log for more details

* Try:
> Run with --stacktrace option to get the stack trace.
> Run with --info or --debug option to get more log output.
> Run with --scan to get full insights.
> Get more help at https://help.gradle.org.

Deprecated Gradle features were used in this build, making it incompatible with Gradle 9.0.

You can use '--warning-mode all' to show the individual deprecation warnings and determine if they come from your own scripts or plugins.

For more on this, please refer to https://docs.gradle.org/8.13/userguide/command_line_interface.html#sec:command_line_warnings in the Gradle documentation.

BUILD FAILED in 1m 22s
20 actionable tasks: 5 executed, 13 from cache, 2 up-to-date
Configuration cache entry stored.
